<?xml version="1.0" encoding="UTF-8"?>
<!-- Generated by org.testng.reporters.JUnitReportReporter -->
<testsuite hostname="DESKTOP-KT2H56T" name="scripts.ValidLoginLogoutTest" tests="2" failures="0" timestamp="4 May 2019 10:54:32 GMT" time="50.085" errors="0">
  <testcase name="ValidTest" time="36.229" classname="scripts.ValidLoginLogoutTest"/>
  <testcase name="ValidTest" time="13.856" classname="scripts.ValidLoginLogoutTest"/>
</testsuite> <!-- scripts.ValidLoginLogoutTest -->
