<?xml version="1.0" encoding="UTF-8"?>
<!-- Generated by org.testng.reporters.JUnitReportReporter -->
<testsuite hostname="DESKTOP-KT2H56T" name="scripts.VerifyTest" tests="2" failures="0" timestamp="4 May 2019 10:54:32 GMT" time="21.040" errors="0">
  <testcase name="Verify" time="11.030" classname="scripts.VerifyTest"/>
  <testcase name="Verify" time="10.010" classname="scripts.VerifyTest"/>
</testsuite> <!-- scripts.VerifyTest -->
